[2023-01-08 22:18:46] local.ERROR: file_put_contents(C:\Users\ns\Desktop\Projet-4-Group\Realisation\API\storage\framework/sessions/1g7cwIpB54tMU3mUpz4s0pu372nKfQ6EC7aGbzkp): Failed to open stream: No such file or directory {"exception":"[object] (ErrorException(code: 0): file_put_contents(C:\\Users\\ns\\Desktop\\Projet-4-Group\\Realisation\\API\\storage\\framework/sessions/1g7cwIpB54tMU3mUpz4s0pu372nKfQ6EC7aGbzkp): Failed to open stream: No such file or directory at C:\\Users\\ns\\Desktop\\Projet-4-Group\\Realisation\\API\\vendor\\laravel\\framework\\src\\Illuminate\\Filesystem\\Filesystem.php:190)
[stacktrace]
#0 C:\\Users\\ns\\Desktop\\Projet-4-Group\\Realisation\\API\\vendor\\laravel\\framework\\src\\Illuminate\\Foundation\\Bootstrap\\HandleExceptions.php(266): Illuminate\\Foundation\\Bootstrap\\HandleExceptions->handleError()
#1 [internal function]: Illuminate\\Foundation\\Bootstrap\\HandleExceptions->Illuminate\\Foundation\\Bootstrap\\{closure}()
#2 C:\\Users\\ns\\Desktop\\Projet-4-Group\\Realisation\\API\\vendor\\laravel\\framework\\src\\Illuminate\\Filesystem\\Filesystem.php(190): file_put_contents()
#3 C:\\Users\\ns\\Desktop\\Projet-4-Group\\Realisation\\API\\vendor\\laravel\\framework\\src\\Illuminate\\Session\\FileSessionHandler.php(90): Illuminate\\Filesystem\\Filesystem->put()
#4 C:\\Users\\ns\\Desktop\\Projet-4-Group\\Realisation\\API\\vendor\\laravel\\framework\\src\\Illuminate\\Session\\Store.php(173): Illuminate\\Session\\FileSessionHandler->write()
#5 C:\\Users\\ns\\Desktop\\Projet-4-Group\\Realisation\\API\\vendor\\laravel\\framework\\src\\Illuminate\\Session\\Middleware\\StartSession.php(238): Illuminate\\Session\\Store->save()
#6 C:\\Users\\ns\\Desktop\\Projet-4-Group\\Realisation\\API\\vendor\\laravel\\framework\\src\\Illuminate\\Session\\Middleware\\StartSession.php(130): Illuminate\\Session\\Middleware\\StartSession->saveSession()
#7 C:\\Users\\ns\\Desktop\\Projet-4-Group\\Realisation\\API\\vendor\\laravel\\framework\\src\\Illuminate\\Session\\Middleware\\StartSession.php(64): Illuminate\\Session\\Middleware\\StartSession->handleStatefulRequest()
#8 C:\\Users\\ns\\Desktop\\Projet-4-Group\\Realisation\\API\\vendor\\laravel\\framework\\src\\Illuminate\\Pipeline\\Pipeline.php(180): Illuminate\\Session\\Middleware\\StartSession->handle()
#9 C:\\Users\\ns\\Desktop\\Projet-4-Group\\Realisation\\API\\vendor\\laravel\\framework\\src\\Illuminate\\Cookie\\Middleware\\AddQueuedCookiesToResponse.php(37): Illuminate\\Pipeline\\Pipeline->Illuminate\\Pipeline\\{closure}()
#10 C:\\Users\\ns\\Desktop\\Projet-4-Group\\Realisation\\API\\vendor\\laravel\\framework\\src\\Illuminate\\Pipeline\\Pipeline.php(180): Illuminate\\Cookie\\Middleware\\AddQueuedCookiesToResponse->handle()
#11 C:\\Users\\ns\\Desktop\\Projet-4-Group\\Realisation\\API\\vendor\\laravel\\framework\\src\\Illuminate\\Cookie\\Middleware\\EncryptCookies.php(67): Illuminate\\Pipeline\\Pipeline->Illuminate\\Pipeline\\{closure}()
#12 C:\\Users\\ns\\Desktop\\Projet-4-Group\\Realisation\\API\\vendor\\laravel\\framework\\src\\Illuminate\\Pipeline\\Pipeline.php(180): Illuminate\\Cookie\\Middleware\\EncryptCookies->handle()
#13 C:\\Users\\ns\\Desktop\\Projet-4-Group\\Realisation\\API\\vendor\\laravel\\framework\\src\\Illuminate\\Pipeline\\Pipeline.php(116): Illuminate\\Pipeline\\Pipeline->Illuminate\\Pipeline\\{closure}()
#14 C:\\Users\\ns\\Desktop\\Projet-4-Group\\Realisation\\API\\vendor\\laravel\\framework\\src\\Illuminate\\Routing\\Router.php(799): Illuminate\\Pipeline\\Pipeline->then()
#15 C:\\Users\\ns\\Desktop\\Projet-4-Group\\Realisation\\API\\vendor\\laravel\\framework\\src\\Illuminate\\Routing\\Router.php(776): Illuminate\\Routing\\Router->runRouteWithinStack()
#16 C:\\Users\\ns\\Desktop\\Projet-4-Group\\Realisation\\API\\vendor\\laravel\\framework\\src\\Illuminate\\Routing\\Router.php(740): Illuminate\\Routing\\Router->runRoute()
#17 C:\\Users\\ns\\Desktop\\Projet-4-Group\\Realisation\\API\\vendor\\laravel\\framework\\src\\Illuminate\\Routing\\Router.php(729): Illuminate\\Routing\\Router->dispatchToRoute()
#18 C:\\Users\\ns\\Desktop\\Projet-4-Group\\Realisation\\API\\vendor\\laravel\\framework\\src\\Illuminate\\Foundation\\Http\\Kernel.php(190): Illuminate\\Routing\\Router->dispatch()
#19 C:\\Users\\ns\\Desktop\\Projet-4-Group\\Realisation\\API\\vendor\\laravel\\framework\\src\\Illuminate\\Pipeline\\Pipeline.php(141): Illuminate\\Foundation\\Http\\Kernel->Illuminate\\Foundation\\Http\\{closure}()
#20 C:\\Users\\ns\\Desktop\\Projet-4-Group\\Realisation\\API\\vendor\\barryvdh\\laravel-debugbar\\src\\Middleware\\InjectDebugbar.php(66): Illuminate\\Pipeline\\Pipeline->Illuminate\\Pipeline\\{closure}()
#21 C:\\Users\\ns\\Desktop\\Projet-4-Group\\Realisation\\API\\vendor\\laravel\\framework\\src\\Illuminate\\Pipeline\\Pipeline.php(180): Barryvdh\\Debugbar\\Middleware\\InjectDebugbar->handle()
#22 C:\\Users\\ns\\Desktop\\Projet-4-Group\\Realisation\\API\\vendor\\laravel\\framework\\src\\Illuminate\\Foundation\\Http\\Middleware\\TransformsRequest.php(21): Illuminate\\Pipeline\\Pipeline->Illuminate\\Pipeline\\{closure}()
#23 C:\\Users\\ns\\Desktop\\Projet-4-Group\\Realisation\\API\\vendor\\laravel\\framework\\src\\Illuminate\\Foundation\\Http\\Middleware\\ConvertEmptyStringsToNull.php(31): Illuminate\\Foundation\\Http\\Middleware\\TransformsRequest->handle()
#24 C:\\Users\\ns\\Desktop\\Projet-4-Group\\Realisation\\API\\vendor\\laravel\\framework\\src\\Illuminate\\Pipeline\\Pipeline.php(180): Illuminate\\Foundation\\Http\\Middleware\\ConvertEmptyStringsToNull->handle()
#25 C:\\Users\\ns\\Desktop\\Projet-4-Group\\Realisation\\API\\vendor\\laravel\\framework\\src\\Illuminate\\Foundation\\Http\\Middleware\\TransformsRequest.php(21): Illuminate\\Pipeline\\Pipeline->Illuminate\\Pipeline\\{closure}()
#26 C:\\Users\\ns\\Desktop\\Projet-4-Group\\Realisation\\API\\vendor\\laravel\\framework\\src\\Illuminate\\Foundation\\Http\\Middleware\\TrimStrings.php(40): Illuminate\\Foundation\\Http\\Middleware\\TransformsRequest->handle()
#27 C:\\Users\\ns\\Desktop\\Projet-4-Group\\Realisation\\API\\vendor\\laravel\\framework\\src\\Illuminate\\Pipeline\\Pipeline.php(180): Illuminate\\Foundation\\Http\\Middleware\\TrimStrings->handle()
#28 C:\\Users\\ns\\Desktop\\Projet-4-Group\\Realisation\\API\\vendor\\laravel\\framework\\src\\Illuminate\\Foundation\\Http\\Middleware\\ValidatePostSize.php(27): Illuminate\\Pipeline\\Pipeline->Illuminate\\Pipeline\\{closure}()
#29 C:\\Users\\ns\\Desktop\\Projet-4-Group\\Realisation\\API\\vendor\\laravel\\framework\\src\\Illuminate\\Pipeline\\Pipeline.php(180): Illuminate\\Foundation\\Http\\Middleware\\ValidatePostSize->handle()
#30 C:\\Users\\ns\\Desktop\\Projet-4-Group\\Realisation\\API\\vendor\\laravel\\framework\\src\\Illuminate\\Foundation\\Http\\Middleware\\PreventRequestsDuringMaintenance.php(86): Illuminate\\Pipeline\\Pipeline->Illuminate\\Pipeline\\{closure}()
#31 C:\\Users\\ns\\Desktop\\Projet-4-Group\\Realisation\\API\\vendor\\laravel\\framework\\src\\Illuminate\\Pipeline\\Pipeline.php(180): Illuminate\\Foundation\\Http\\Middleware\\PreventRequestsDuringMaintenance->handle()
#32 C:\\Users\\ns\\Desktop\\Projet-4-Group\\Realisation\\API\\vendor\\laravel\\framework\\src\\Illuminate\\Http\\Middleware\\HandleCors.php(49): Illuminate\\Pipeline\\Pipeline->Illuminate\\Pipeline\\{closure}()
#33 C:\\Users\\ns\\Desktop\\Projet-4-Group\\Realisation\\API\\vendor\\laravel\\framework\\src\\Illuminate\\Pipeline\\Pipeline.php(180): Illuminate\\Http\\Middleware\\HandleCors->handle()
#34 C:\\Users\\ns\\Desktop\\Projet-4-Group\\Realisation\\API\\vendor\\laravel\\framework\\src\\Illuminate\\Http\\Middleware\\TrustProxies.php(39): Illuminate\\Pipeline\\Pipeline->Illuminate\\Pipeline\\{closure}()
#35 C:\\Users\\ns\\Desktop\\Projet-4-Group\\Realisation\\API\\vendor\\laravel\\framework\\src\\Illuminate\\Pipeline\\Pipeline.php(180): Illuminate\\Http\\Middleware\\TrustProxies->handle()
#36 C:\\Users\\ns\\Desktop\\Projet-4-Group\\Realisation\\API\\vendor\\laravel\\framework\\src\\Illuminate\\Pipeline\\Pipeline.php(116): Illuminate\\Pipeline\\Pipeline->Illuminate\\Pipeline\\{closure}()
#37 C:\\Users\\ns\\Desktop\\Projet-4-Group\\Realisation\\API\\vendor\\laravel\\framework\\src\\Illuminate\\Foundation\\Http\\Kernel.php(165): Illuminate\\Pipeline\\Pipeline->then()
#38 C:\\Users\\ns\\Desktop\\Projet-4-Group\\Realisation\\API\\vendor\\laravel\\framework\\src\\Illuminate\\Foundation\\Http\\Kernel.php(134): Illuminate\\Foundation\\Http\\Kernel->sendRequestThroughRouter()
#39 C:\\Users\\ns\\Desktop\\Projet-4-Group\\Realisation\\API\\public\\index.php(52): Illuminate\\Foundation\\Http\\Kernel->handle()
#40 C:\\Users\\ns\\Desktop\\Projet-4-Group\\Realisation\\API\\vendor\\laravel\\framework\\src\\Illuminate\\Foundation\\resources\\server.php(16): require_once('...')
#41 {main}
"} 
[2023-01-08 22:18:58] local.ERROR: file_put_contents(C:\Users\ns\Desktop\Projet-4-Group\Realisation\API\storage\framework/sessions/Jqlk6258b4mKZfu46xERGAR7lRm3pSYHotx6m0sP): Failed to open stream: No such file or directory {"exception":"[object] (ErrorException(code: 0): file_put_contents(C:\\Users\\ns\\Desktop\\Projet-4-Group\\Realisation\\API\\storage\\framework/sessions/Jqlk6258b4mKZfu46xERGAR7lRm3pSYHotx6m0sP): Failed to open stream: No such file or directory at C:\\Users\\ns\\Desktop\\Projet-4-Group\\Realisation\\API\\vendor\\laravel\\framework\\src\\Illuminate\\Filesystem\\Filesystem.php:190)
[stacktrace]
#0 C:\\Users\\ns\\Desktop\\Projet-4-Group\\Realisation\\API\\vendor\\laravel\\framework\\src\\Illuminate\\Foundation\\Bootstrap\\HandleExceptions.php(266): Illuminate\\Foundation\\Bootstrap\\HandleExceptions->handleError()
#1 [internal function]: Illuminate\\Foundation\\Bootstrap\\HandleExceptions->Illuminate\\Foundation\\Bootstrap\\{closure}()
#2 C:\\Users\\ns\\Desktop\\Projet-4-Group\\Realisation\\API\\vendor\\laravel\\framework\\src\\Illuminate\\Filesystem\\Filesystem.php(190): file_put_contents()
#3 C:\\Users\\ns\\Desktop\\Projet-4-Group\\Realisation\\API\\vendor\\laravel\\framework\\src\\Illuminate\\Session\\FileSessionHandler.php(90): Illuminate\\Filesystem\\Filesystem->put()
#4 C:\\Users\\ns\\Desktop\\Projet-4-Group\\Realisation\\API\\vendor\\laravel\\framework\\src\\Illuminate\\Session\\Store.php(173): Illuminate\\Session\\FileSessionHandler->write()
#5 C:\\Users\\ns\\Desktop\\Projet-4-Group\\Realisation\\API\\vendor\\laravel\\framework\\src\\Illuminate\\Session\\Middleware\\StartSession.php(238): Illuminate\\Session\\Store->save()
#6 C:\\Users\\ns\\Desktop\\Projet-4-Group\\Realisation\\API\\vendor\\laravel\\framework\\src\\Illuminate\\Session\\Middleware\\StartSession.php(130): Illuminate\\Session\\Middleware\\StartSession->saveSession()
#7 C:\\Users\\ns\\Desktop\\Projet-4-Group\\Realisation\\API\\vendor\\laravel\\framework\\src\\Illuminate\\Session\\Middleware\\StartSession.php(64): Illuminate\\Session\\Middleware\\StartSession->handleStatefulRequest()
#8 C:\\Users\\ns\\Desktop\\Projet-4-Group\\Realisation\\API\\vendor\\laravel\\framework\\src\\Illuminate\\Pipeline\\Pipeline.php(180): Illuminate\\Session\\Middleware\\StartSession->handle()
#9 C:\\Users\\ns\\Desktop\\Projet-4-Group\\Realisation\\API\\vendor\\laravel\\framework\\src\\Illuminate\\Cookie\\Middleware\\AddQueuedCookiesToResponse.php(37): Illuminate\\Pipeline\\Pipeline->Illuminate\\Pipeline\\{closure}()
#10 C:\\Users\\ns\\Desktop\\Projet-4-Group\\Realisation\\API\\vendor\\laravel\\framework\\src\\Illuminate\\Pipeline\\Pipeline.php(180): Illuminate\\Cookie\\Middleware\\AddQueuedCookiesToResponse->handle()
#11 C:\\Users\\ns\\Desktop\\Projet-4-Group\\Realisation\\API\\vendor\\laravel\\framework\\src\\Illuminate\\Cookie\\Middleware\\EncryptCookies.php(67): Illuminate\\Pipeline\\Pipeline->Illuminate\\Pipeline\\{closure}()
#12 C:\\Users\\ns\\Desktop\\Projet-4-Group\\Realisation\\API\\vendor\\laravel\\framework\\src\\Illuminate\\Pipeline\\Pipeline.php(180): Illuminate\\Cookie\\Middleware\\EncryptCookies->handle()
#13 C:\\Users\\ns\\Desktop\\Projet-4-Group\\Realisation\\API\\vendor\\laravel\\framework\\src\\Illuminate\\Pipeline\\Pipeline.php(116): Illuminate\\Pipeline\\Pipeline->Illuminate\\Pipeline\\{closure}()
#14 C:\\Users\\ns\\Desktop\\Projet-4-Group\\Realisation\\API\\vendor\\laravel\\framework\\src\\Illuminate\\Routing\\Router.php(799): Illuminate\\Pipeline\\Pipeline->then()
#15 C:\\Users\\ns\\Desktop\\Projet-4-Group\\Realisation\\API\\vendor\\laravel\\framework\\src\\Illuminate\\Routing\\Router.php(776): Illuminate\\Routing\\Router->runRouteWithinStack()
#16 C:\\Users\\ns\\Desktop\\Projet-4-Group\\Realisation\\API\\vendor\\laravel\\framework\\src\\Illuminate\\Routing\\Router.php(740): Illuminate\\Routing\\Router->runRoute()
#17 C:\\Users\\ns\\Desktop\\Projet-4-Group\\Realisation\\API\\vendor\\laravel\\framework\\src\\Illuminate\\Routing\\Router.php(729): Illuminate\\Routing\\Router->dispatchToRoute()
#18 C:\\Users\\ns\\Desktop\\Projet-4-Group\\Realisation\\API\\vendor\\laravel\\framework\\src\\Illuminate\\Foundation\\Http\\Kernel.php(190): Illuminate\\Routing\\Router->dispatch()
#19 C:\\Users\\ns\\Desktop\\Projet-4-Group\\Realisation\\API\\vendor\\laravel\\framework\\src\\Illuminate\\Pipeline\\Pipeline.php(141): Illuminate\\Foundation\\Http\\Kernel->Illuminate\\Foundation\\Http\\{closure}()
#20 C:\\Users\\ns\\Desktop\\Projet-4-Group\\Realisation\\API\\vendor\\barryvdh\\laravel-debugbar\\src\\Middleware\\InjectDebugbar.php(66): Illuminate\\Pipeline\\Pipeline->Illuminate\\Pipeline\\{closure}()
#21 C:\\Users\\ns\\Desktop\\Projet-4-Group\\Realisation\\API\\vendor\\laravel\\framework\\src\\Illuminate\\Pipeline\\Pipeline.php(180): Barryvdh\\Debugbar\\Middleware\\InjectDebugbar->handle()
#22 C:\\Users\\ns\\Desktop\\Projet-4-Group\\Realisation\\API\\vendor\\laravel\\framework\\src\\Illuminate\\Foundation\\Http\\Middleware\\TransformsRequest.php(21): Illuminate\\Pipeline\\Pipeline->Illuminate\\Pipeline\\{closure}()
#23 C:\\Users\\ns\\Desktop\\Projet-4-Group\\Realisation\\API\\vendor\\laravel\\framework\\src\\Illuminate\\Foundation\\Http\\Middleware\\ConvertEmptyStringsToNull.php(31): Illuminate\\Foundation\\Http\\Middleware\\TransformsRequest->handle()
#24 C:\\Users\\ns\\Desktop\\Projet-4-Group\\Realisation\\API\\vendor\\laravel\\framework\\src\\Illuminate\\Pipeline\\Pipeline.php(180): Illuminate\\Foundation\\Http\\Middleware\\ConvertEmptyStringsToNull->handle()
#25 C:\\Users\\ns\\Desktop\\Projet-4-Group\\Realisation\\API\\vendor\\laravel\\framework\\src\\Illuminate\\Foundation\\Http\\Middleware\\TransformsRequest.php(21): Illuminate\\Pipeline\\Pipeline->Illuminate\\Pipeline\\{closure}()
#26 C:\\Users\\ns\\Desktop\\Projet-4-Group\\Realisation\\API\\vendor\\laravel\\framework\\src\\Illuminate\\Foundation\\Http\\Middleware\\TrimStrings.php(40): Illuminate\\Foundation\\Http\\Middleware\\TransformsRequest->handle()
#27 C:\\Users\\ns\\Desktop\\Projet-4-Group\\Realisation\\API\\vendor\\laravel\\framework\\src\\Illuminate\\Pipeline\\Pipeline.php(180): Illuminate\\Foundation\\Http\\Middleware\\TrimStrings->handle()
#28 C:\\Users\\ns\\Desktop\\Projet-4-Group\\Realisation\\API\\vendor\\laravel\\framework\\src\\Illuminate\\Foundation\\Http\\Middleware\\ValidatePostSize.php(27): Illuminate\\Pipeline\\Pipeline->Illuminate\\Pipeline\\{closure}()
#29 C:\\Users\\ns\\Desktop\\Projet-4-Group\\Realisation\\API\\vendor\\laravel\\framework\\src\\Illuminate\\Pipeline\\Pipeline.php(180): Illuminate\\Foundation\\Http\\Middleware\\ValidatePostSize->handle()
#30 C:\\Users\\ns\\Desktop\\Projet-4-Group\\Realisation\\API\\vendor\\laravel\\framework\\src\\Illuminate\\Foundation\\Http\\Middleware\\PreventRequestsDuringMaintenance.php(86): Illuminate\\Pipeline\\Pipeline->Illuminate\\Pipeline\\{closure}()
#31 C:\\Users\\ns\\Desktop\\Projet-4-Group\\Realisation\\API\\vendor\\laravel\\framework\\src\\Illuminate\\Pipeline\\Pipeline.php(180): Illuminate\\Foundation\\Http\\Middleware\\PreventRequestsDuringMaintenance->handle()
#32 C:\\Users\\ns\\Desktop\\Projet-4-Group\\Realisation\\API\\vendor\\laravel\\framework\\src\\Illuminate\\Http\\Middleware\\HandleCors.php(49): Illuminate\\Pipeline\\Pipeline->Illuminate\\Pipeline\\{closure}()
#33 C:\\Users\\ns\\Desktop\\Projet-4-Group\\Realisation\\API\\vendor\\laravel\\framework\\src\\Illuminate\\Pipeline\\Pipeline.php(180): Illuminate\\Http\\Middleware\\HandleCors->handle()
#34 C:\\Users\\ns\\Desktop\\Projet-4-Group\\Realisation\\API\\vendor\\laravel\\framework\\src\\Illuminate\\Http\\Middleware\\TrustProxies.php(39): Illuminate\\Pipeline\\Pipeline->Illuminate\\Pipeline\\{closure}()
#35 C:\\Users\\ns\\Desktop\\Projet-4-Group\\Realisation\\API\\vendor\\laravel\\framework\\src\\Illuminate\\Pipeline\\Pipeline.php(180): Illuminate\\Http\\Middleware\\TrustProxies->handle()
#36 C:\\Users\\ns\\Desktop\\Projet-4-Group\\Realisation\\API\\vendor\\laravel\\framework\\src\\Illuminate\\Pipeline\\Pipeline.php(116): Illuminate\\Pipeline\\Pipeline->Illuminate\\Pipeline\\{closure}()
#37 C:\\Users\\ns\\Desktop\\Projet-4-Group\\Realisation\\API\\vendor\\laravel\\framework\\src\\Illuminate\\Foundation\\Http\\Kernel.php(165): Illuminate\\Pipeline\\Pipeline->then()
#38 C:\\Users\\ns\\Desktop\\Projet-4-Group\\Realisation\\API\\vendor\\laravel\\framework\\src\\Illuminate\\Foundation\\Http\\Kernel.php(134): Illuminate\\Foundation\\Http\\Kernel->sendRequestThroughRouter()
#39 C:\\Users\\ns\\Desktop\\Projet-4-Group\\Realisation\\API\\public\\index.php(52): Illuminate\\Foundation\\Http\\Kernel->handle()
#40 C:\\Users\\ns\\Desktop\\Projet-4-Group\\Realisation\\API\\vendor\\laravel\\framework\\src\\Illuminate\\Foundation\\resources\\server.php(16): require_once('...')
#41 {main}
"} 
[2023-01-08 22:21:03] local.ERROR: View path not found. {"exception":"[object] (RuntimeException(code: 0): View path not found. at C:\\Users\\ns\\Desktop\\Projet-4-Group\\Realisation\\API\\vendor\\laravel\\framework\\src\\Illuminate\\Foundation\\Console\\ViewClearCommand.php:70)
[stacktrace]
#0 C:\\Users\\ns\\Desktop\\Projet-4-Group\\Realisation\\API\\vendor\\laravel\\framework\\src\\Illuminate\\Container\\BoundMethod.php(36): Illuminate\\Foundation\\Console\\ViewClearCommand->handle()
#1 C:\\Users\\ns\\Desktop\\Projet-4-Group\\Realisation\\API\\vendor\\laravel\\framework\\src\\Illuminate\\Container\\Util.php(41): Illuminate\\Container\\BoundMethod::Illuminate\\Container\\{closure}()
#2 C:\\Users\\ns\\Desktop\\Projet-4-Group\\Realisation\\API\\vendor\\laravel\\framework\\src\\Illuminate\\Container\\BoundMethod.php(93): Illuminate\\Container\\Util::unwrapIfClosure()
#3 C:\\Users\\ns\\Desktop\\Projet-4-Group\\Realisation\\API\\vendor\\laravel\\framework\\src\\Illuminate\\Container\\BoundMethod.php(37): Illuminate\\Container\\BoundMethod::callBoundMethod()
#4 C:\\Users\\ns\\Desktop\\Projet-4-Group\\Realisation\\API\\vendor\\laravel\\framework\\src\\Illuminate\\Container\\Container.php(651): Illuminate\\Container\\BoundMethod::call()
#5 C:\\Users\\ns\\Desktop\\Projet-4-Group\\Realisation\\API\\vendor\\laravel\\framework\\src\\Illuminate\\Console\\Command.php(182): Illuminate\\Container\\Container->call()
#6 C:\\Users\\ns\\Desktop\\Projet-4-Group\\Realisation\\API\\vendor\\symfony\\console\\Command\\Command.php(312): Illuminate\\Console\\Command->execute()
#7 C:\\Users\\ns\\Desktop\\Projet-4-Group\\Realisation\\API\\vendor\\laravel\\framework\\src\\Illuminate\\Console\\Command.php(152): Symfony\\Component\\Console\\Command\\Command->run()
#8 C:\\Users\\ns\\Desktop\\Projet-4-Group\\Realisation\\API\\vendor\\laravel\\framework\\src\\Illuminate\\Console\\Concerns\\CallsCommands.php(68): Illuminate\\Console\\Command->run()
#9 C:\\Users\\ns\\Desktop\\Projet-4-Group\\Realisation\\API\\vendor\\laravel\\framework\\src\\Illuminate\\Console\\Concerns\\CallsCommands.php(40): Illuminate\\Console\\Command->runCommand()
#10 C:\\Users\\ns\\Desktop\\Projet-4-Group\\Realisation\\API\\vendor\\laravel\\framework\\src\\Illuminate\\Foundation\\Console\\ViewCacheCommand.php(47): Illuminate\\Console\\Command->callSilent()
#11 C:\\Users\\ns\\Desktop\\Projet-4-Group\\Realisation\\API\\vendor\\laravel\\framework\\src\\Illuminate\\Container\\BoundMethod.php(36): Illuminate\\Foundation\\Console\\ViewCacheCommand->handle()
#12 C:\\Users\\ns\\Desktop\\Projet-4-Group\\Realisation\\API\\vendor\\laravel\\framework\\src\\Illuminate\\Container\\Util.php(41): Illuminate\\Container\\BoundMethod::Illuminate\\Container\\{closure}()
#13 C:\\Users\\ns\\Desktop\\Projet-4-Group\\Realisation\\API\\vendor\\laravel\\framework\\src\\Illuminate\\Container\\BoundMethod.php(93): Illuminate\\Container\\Util::unwrapIfClosure()
#14 C:\\Users\\ns\\Desktop\\Projet-4-Group\\Realisation\\API\\vendor\\laravel\\framework\\src\\Illuminate\\Container\\BoundMethod.php(37): Illuminate\\Container\\BoundMethod::callBoundMethod()
#15 C:\\Users\\ns\\Desktop\\Projet-4-Group\\Realisation\\API\\vendor\\laravel\\framework\\src\\Illuminate\\Container\\Container.php(651): Illuminate\\Container\\BoundMethod::call()
#16 C:\\Users\\ns\\Desktop\\Projet-4-Group\\Realisation\\API\\vendor\\laravel\\framework\\src\\Illuminate\\Console\\Command.php(182): Illuminate\\Container\\Container->call()
#17 C:\\Users\\ns\\Desktop\\Projet-4-Group\\Realisation\\API\\vendor\\symfony\\console\\Command\\Command.php(312): Illuminate\\Console\\Command->execute()
#18 C:\\Users\\ns\\Desktop\\Projet-4-Group\\Realisation\\API\\vendor\\laravel\\framework\\src\\Illuminate\\Console\\Command.php(152): Symfony\\Component\\Console\\Command\\Command->run()
#19 C:\\Users\\ns\\Desktop\\Projet-4-Group\\Realisation\\API\\vendor\\symfony\\console\\Application.php(1022): Illuminate\\Console\\Command->run()
#20 C:\\Users\\ns\\Desktop\\Projet-4-Group\\Realisation\\API\\vendor\\symfony\\console\\Application.php(314): Symfony\\Component\\Console\\Application->doRunCommand()
#21 C:\\Users\\ns\\Desktop\\Projet-4-Group\\Realisation\\API\\vendor\\symfony\\console\\Application.php(168): Symfony\\Component\\Console\\Application->doRun()
#22 C:\\Users\\ns\\Desktop\\Projet-4-Group\\Realisation\\API\\vendor\\laravel\\framework\\src\\Illuminate\\Console\\Application.php(102): Symfony\\Component\\Console\\Application->run()
#23 C:\\Users\\ns\\Desktop\\Projet-4-Group\\Realisation\\API\\vendor\\laravel\\framework\\src\\Illuminate\\Foundation\\Console\\Kernel.php(155): Illuminate\\Console\\Application->run()
#24 C:\\Users\\ns\\Desktop\\Projet-4-Group\\Realisation\\API\\artisan(37): Illuminate\\Foundation\\Console\\Kernel->handle()
#25 {main}
"} 
[2023-01-08 22:21:15] local.ERROR: There are no commands defined in the "f" namespace.

Did you mean one of these?
    config
    notifications {"exception":"[object] (Symfony\\Component\\Console\\Exception\\NamespaceNotFoundException(code: 0): There are no commands defined in the \"f\" namespace.

Did you mean one of these?
    config
    notifications at C:\\Users\\ns\\Desktop\\Projet-4-Group\\Realisation\\API\\vendor\\symfony\\console\\Application.php:632)
[stacktrace]
#0 C:\\Users\\ns\\Desktop\\Projet-4-Group\\Realisation\\API\\vendor\\symfony\\console\\Application.php(683): Symfony\\Component\\Console\\Application->findNamespace()
#1 C:\\Users\\ns\\Desktop\\Projet-4-Group\\Realisation\\API\\vendor\\symfony\\console\\Application.php(256): Symfony\\Component\\Console\\Application->find()
#2 C:\\Users\\ns\\Desktop\\Projet-4-Group\\Realisation\\API\\vendor\\symfony\\console\\Application.php(168): Symfony\\Component\\Console\\Application->doRun()
#3 C:\\Users\\ns\\Desktop\\Projet-4-Group\\Realisation\\API\\vendor\\laravel\\framework\\src\\Illuminate\\Console\\Application.php(102): Symfony\\Component\\Console\\Application->run()
#4 C:\\Users\\ns\\Desktop\\Projet-4-Group\\Realisation\\API\\vendor\\laravel\\framework\\src\\Illuminate\\Foundation\\Console\\Kernel.php(155): Illuminate\\Console\\Application->run()
#5 C:\\Users\\ns\\Desktop\\Projet-4-Group\\Realisation\\API\\artisan(37): Illuminate\\Foundation\\Console\\Kernel->handle()
#6 {main}
"} 
[2023-01-08 22:21:34] local.ERROR: file_put_contents(C:\Users\ns\Desktop\Projet-4-Group\Realisation\API\storage\framework/sessions/tyCSkTUAjBT8qzk03uI4vyGZt20Uidtg4Q6g4jcC): Failed to open stream: No such file or directory {"exception":"[object] (ErrorException(code: 0): file_put_contents(C:\\Users\\ns\\Desktop\\Projet-4-Group\\Realisation\\API\\storage\\framework/sessions/tyCSkTUAjBT8qzk03uI4vyGZt20Uidtg4Q6g4jcC): Failed to open stream: No such file or directory at C:\\Users\\ns\\Desktop\\Projet-4-Group\\Realisation\\API\\vendor\\laravel\\framework\\src\\Illuminate\\Filesystem\\Filesystem.php:190)
[stacktrace]
#0 C:\\Users\\ns\\Desktop\\Projet-4-Group\\Realisation\\API\\vendor\\laravel\\framework\\src\\Illuminate\\Foundation\\Bootstrap\\HandleExceptions.php(266): Illuminate\\Foundation\\Bootstrap\\HandleExceptions->handleError()
#1 [internal function]: Illuminate\\Foundation\\Bootstrap\\HandleExceptions->Illuminate\\Foundation\\Bootstrap\\{closure}()
#2 C:\\Users\\ns\\Desktop\\Projet-4-Group\\Realisation\\API\\vendor\\laravel\\framework\\src\\Illuminate\\Filesystem\\Filesystem.php(190): file_put_contents()
#3 C:\\Users\\ns\\Desktop\\Projet-4-Group\\Realisation\\API\\vendor\\laravel\\framework\\src\\Illuminate\\Session\\FileSessionHandler.php(90): Illuminate\\Filesystem\\Filesystem->put()
#4 C:\\Users\\ns\\Desktop\\Projet-4-Group\\Realisation\\API\\vendor\\laravel\\framework\\src\\Illuminate\\Session\\Store.php(173): Illuminate\\Session\\FileSessionHandler->write()
#5 C:\\Users\\ns\\Desktop\\Projet-4-Group\\Realisation\\API\\vendor\\laravel\\framework\\src\\Illuminate\\Session\\Middleware\\StartSession.php(238): Illuminate\\Session\\Store->save()
#6 C:\\Users\\ns\\Desktop\\Projet-4-Group\\Realisation\\API\\vendor\\laravel\\framework\\src\\Illuminate\\Session\\Middleware\\StartSession.php(130): Illuminate\\Session\\Middleware\\StartSession->saveSession()
#7 C:\\Users\\ns\\Desktop\\Projet-4-Group\\Realisation\\API\\vendor\\laravel\\framework\\src\\Illuminate\\Session\\Middleware\\StartSession.php(64): Illuminate\\Session\\Middleware\\StartSession->handleStatefulRequest()
#8 C:\\Users\\ns\\Desktop\\Projet-4-Group\\Realisation\\API\\vendor\\laravel\\framework\\src\\Illuminate\\Pipeline\\Pipeline.php(180): Illuminate\\Session\\Middleware\\StartSession->handle()
#9 C:\\Users\\ns\\Desktop\\Projet-4-Group\\Realisation\\API\\vendor\\laravel\\framework\\src\\Illuminate\\Cookie\\Middleware\\AddQueuedCookiesToResponse.php(37): Illuminate\\Pipeline\\Pipeline->Illuminate\\Pipeline\\{closure}()
#10 C:\\Users\\ns\\Desktop\\Projet-4-Group\\Realisation\\API\\vendor\\laravel\\framework\\src\\Illuminate\\Pipeline\\Pipeline.php(180): Illuminate\\Cookie\\Middleware\\AddQueuedCookiesToResponse->handle()
#11 C:\\Users\\ns\\Desktop\\Projet-4-Group\\Realisation\\API\\vendor\\laravel\\framework\\src\\Illuminate\\Cookie\\Middleware\\EncryptCookies.php(67): Illuminate\\Pipeline\\Pipeline->Illuminate\\Pipeline\\{closure}()
#12 C:\\Users\\ns\\Desktop\\Projet-4-Group\\Realisation\\API\\vendor\\laravel\\framework\\src\\Illuminate\\Pipeline\\Pipeline.php(180): Illuminate\\Cookie\\Middleware\\EncryptCookies->handle()
#13 C:\\Users\\ns\\Desktop\\Projet-4-Group\\Realisation\\API\\vendor\\laravel\\framework\\src\\Illuminate\\Pipeline\\Pipeline.php(116): Illuminate\\Pipeline\\Pipeline->Illuminate\\Pipeline\\{closure}()
#14 C:\\Users\\ns\\Desktop\\Projet-4-Group\\Realisation\\API\\vendor\\laravel\\framework\\src\\Illuminate\\Routing\\Router.php(799): Illuminate\\Pipeline\\Pipeline->then()
#15 C:\\Users\\ns\\Desktop\\Projet-4-Group\\Realisation\\API\\vendor\\laravel\\framework\\src\\Illuminate\\Routing\\Router.php(776): Illuminate\\Routing\\Router->runRouteWithinStack()
#16 C:\\Users\\ns\\Desktop\\Projet-4-Group\\Realisation\\API\\vendor\\laravel\\framework\\src\\Illuminate\\Routing\\Router.php(740): Illuminate\\Routing\\Router->runRoute()
#17 C:\\Users\\ns\\Desktop\\Projet-4-Group\\Realisation\\API\\vendor\\laravel\\framework\\src\\Illuminate\\Routing\\Router.php(729): Illuminate\\Routing\\Router->dispatchToRoute()
#18 C:\\Users\\ns\\Desktop\\Projet-4-Group\\Realisation\\API\\vendor\\laravel\\framework\\src\\Illuminate\\Foundation\\Http\\Kernel.php(190): Illuminate\\Routing\\Router->dispatch()
#19 C:\\Users\\ns\\Desktop\\Projet-4-Group\\Realisation\\API\\vendor\\laravel\\framework\\src\\Illuminate\\Pipeline\\Pipeline.php(141): Illuminate\\Foundation\\Http\\Kernel->Illuminate\\Foundation\\Http\\{closure}()
#20 C:\\Users\\ns\\Desktop\\Projet-4-Group\\Realisation\\API\\vendor\\barryvdh\\laravel-debugbar\\src\\Middleware\\InjectDebugbar.php(66): Illuminate\\Pipeline\\Pipeline->Illuminate\\Pipeline\\{closure}()
#21 C:\\Users\\ns\\Desktop\\Projet-4-Group\\Realisation\\API\\vendor\\laravel\\framework\\src\\Illuminate\\Pipeline\\Pipeline.php(180): Barryvdh\\Debugbar\\Middleware\\InjectDebugbar->handle()
#22 C:\\Users\\ns\\Desktop\\Projet-4-Group\\Realisation\\API\\vendor\\laravel\\framework\\src\\Illuminate\\Foundation\\Http\\Middleware\\TransformsRequest.php(21): Illuminate\\Pipeline\\Pipeline->Illuminate\\Pipeline\\{closure}()
#23 C:\\Users\\ns\\Desktop\\Projet-4-Group\\Realisation\\API\\vendor\\laravel\\framework\\src\\Illuminate\\Foundation\\Http\\Middleware\\ConvertEmptyStringsToNull.php(31): Illuminate\\Foundation\\Http\\Middleware\\TransformsRequest->handle()
#24 C:\\Users\\ns\\Desktop\\Projet-4-Group\\Realisation\\API\\vendor\\laravel\\framework\\src\\Illuminate\\Pipeline\\Pipeline.php(180): Illuminate\\Foundation\\Http\\Middleware\\ConvertEmptyStringsToNull->handle()
#25 C:\\Users\\ns\\Desktop\\Projet-4-Group\\Realisation\\API\\vendor\\laravel\\framework\\src\\Illuminate\\Foundation\\Http\\Middleware\\TransformsRequest.php(21): Illuminate\\Pipeline\\Pipeline->Illuminate\\Pipeline\\{closure}()
#26 C:\\Users\\ns\\Desktop\\Projet-4-Group\\Realisation\\API\\vendor\\laravel\\framework\\src\\Illuminate\\Foundation\\Http\\Middleware\\TrimStrings.php(40): Illuminate\\Foundation\\Http\\Middleware\\TransformsRequest->handle()
#27 C:\\Users\\ns\\Desktop\\Projet-4-Group\\Realisation\\API\\vendor\\laravel\\framework\\src\\Illuminate\\Pipeline\\Pipeline.php(180): Illuminate\\Foundation\\Http\\Middleware\\TrimStrings->handle()
#28 C:\\Users\\ns\\Desktop\\Projet-4-Group\\Realisation\\API\\vendor\\laravel\\framework\\src\\Illuminate\\Foundation\\Http\\Middleware\\ValidatePostSize.php(27): Illuminate\\Pipeline\\Pipeline->Illuminate\\Pipeline\\{closure}()
#29 C:\\Users\\ns\\Desktop\\Projet-4-Group\\Realisation\\API\\vendor\\laravel\\framework\\src\\Illuminate\\Pipeline\\Pipeline.php(180): Illuminate\\Foundation\\Http\\Middleware\\ValidatePostSize->handle()
#30 C:\\Users\\ns\\Desktop\\Projet-4-Group\\Realisation\\API\\vendor\\laravel\\framework\\src\\Illuminate\\Foundation\\Http\\Middleware\\PreventRequestsDuringMaintenance.php(86): Illuminate\\Pipeline\\Pipeline->Illuminate\\Pipeline\\{closure}()
#31 C:\\Users\\ns\\Desktop\\Projet-4-Group\\Realisation\\API\\vendor\\laravel\\framework\\src\\Illuminate\\Pipeline\\Pipeline.php(180): Illuminate\\Foundation\\Http\\Middleware\\PreventRequestsDuringMaintenance->handle()
#32 C:\\Users\\ns\\Desktop\\Projet-4-Group\\Realisation\\API\\vendor\\laravel\\framework\\src\\Illuminate\\Http\\Middleware\\HandleCors.php(49): Illuminate\\Pipeline\\Pipeline->Illuminate\\Pipeline\\{closure}()
#33 C:\\Users\\ns\\Desktop\\Projet-4-Group\\Realisation\\API\\vendor\\laravel\\framework\\src\\Illuminate\\Pipeline\\Pipeline.php(180): Illuminate\\Http\\Middleware\\HandleCors->handle()
#34 C:\\Users\\ns\\Desktop\\Projet-4-Group\\Realisation\\API\\vendor\\laravel\\framework\\src\\Illuminate\\Http\\Middleware\\TrustProxies.php(39): Illuminate\\Pipeline\\Pipeline->Illuminate\\Pipeline\\{closure}()
#35 C:\\Users\\ns\\Desktop\\Projet-4-Group\\Realisation\\API\\vendor\\laravel\\framework\\src\\Illuminate\\Pipeline\\Pipeline.php(180): Illuminate\\Http\\Middleware\\TrustProxies->handle()
#36 C:\\Users\\ns\\Desktop\\Projet-4-Group\\Realisation\\API\\vendor\\laravel\\framework\\src\\Illuminate\\Pipeline\\Pipeline.php(116): Illuminate\\Pipeline\\Pipeline->Illuminate\\Pipeline\\{closure}()
#37 C:\\Users\\ns\\Desktop\\Projet-4-Group\\Realisation\\API\\vendor\\laravel\\framework\\src\\Illuminate\\Foundation\\Http\\Kernel.php(165): Illuminate\\Pipeline\\Pipeline->then()
#38 C:\\Users\\ns\\Desktop\\Projet-4-Group\\Realisation\\API\\vendor\\laravel\\framework\\src\\Illuminate\\Foundation\\Http\\Kernel.php(134): Illuminate\\Foundation\\Http\\Kernel->sendRequestThroughRouter()
#39 C:\\Users\\ns\\Desktop\\Projet-4-Group\\Realisation\\API\\public\\index.php(52): Illuminate\\Foundation\\Http\\Kernel->handle()
#40 C:\\Users\\ns\\Desktop\\Projet-4-Group\\Realisation\\API\\vendor\\laravel\\framework\\src\\Illuminate\\Foundation\\resources\\server.php(16): require_once('...')
#41 {main}
"} 
[2023-01-08 22:21:45] local.ERROR: file_put_contents(C:\Users\ns\Desktop\Projet-4-Group\Realisation\API\storage\framework/sessions/8yoELBPF5PPZP8USDdGbBQFjvJaQZEm2PRXXk7zD): Failed to open stream: No such file or directory {"exception":"[object] (ErrorException(code: 0): file_put_contents(C:\\Users\\ns\\Desktop\\Projet-4-Group\\Realisation\\API\\storage\\framework/sessions/8yoELBPF5PPZP8USDdGbBQFjvJaQZEm2PRXXk7zD): Failed to open stream: No such file or directory at C:\\Users\\ns\\Desktop\\Projet-4-Group\\Realisation\\API\\vendor\\laravel\\framework\\src\\Illuminate\\Filesystem\\Filesystem.php:190)
[stacktrace]
#0 C:\\Users\\ns\\Desktop\\Projet-4-Group\\Realisation\\API\\vendor\\laravel\\framework\\src\\Illuminate\\Foundation\\Bootstrap\\HandleExceptions.php(266): Illuminate\\Foundation\\Bootstrap\\HandleExceptions->handleError()
#1 [internal function]: Illuminate\\Foundation\\Bootstrap\\HandleExceptions->Illuminate\\Foundation\\Bootstrap\\{closure}()
#2 C:\\Users\\ns\\Desktop\\Projet-4-Group\\Realisation\\API\\vendor\\laravel\\framework\\src\\Illuminate\\Filesystem\\Filesystem.php(190): file_put_contents()
#3 C:\\Users\\ns\\Desktop\\Projet-4-Group\\Realisation\\API\\vendor\\laravel\\framework\\src\\Illuminate\\Session\\FileSessionHandler.php(90): Illuminate\\Filesystem\\Filesystem->put()
#4 C:\\Users\\ns\\Desktop\\Projet-4-Group\\Realisation\\API\\vendor\\laravel\\framework\\src\\Illuminate\\Session\\Store.php(173): Illuminate\\Session\\FileSessionHandler->write()
#5 C:\\Users\\ns\\Desktop\\Projet-4-Group\\Realisation\\API\\vendor\\laravel\\framework\\src\\Illuminate\\Session\\Middleware\\StartSession.php(238): Illuminate\\Session\\Store->save()
#6 C:\\Users\\ns\\Desktop\\Projet-4-Group\\Realisation\\API\\vendor\\laravel\\framework\\src\\Illuminate\\Session\\Middleware\\StartSession.php(130): Illuminate\\Session\\Middleware\\StartSession->saveSession()
#7 C:\\Users\\ns\\Desktop\\Projet-4-Group\\Realisation\\API\\vendor\\laravel\\framework\\src\\Illuminate\\Session\\Middleware\\StartSession.php(64): Illuminate\\Session\\Middleware\\StartSession->handleStatefulRequest()
#8 C:\\Users\\ns\\Desktop\\Projet-4-Group\\Realisation\\API\\vendor\\laravel\\framework\\src\\Illuminate\\Pipeline\\Pipeline.php(180): Illuminate\\Session\\Middleware\\StartSession->handle()
#9 C:\\Users\\ns\\Desktop\\Projet-4-Group\\Realisation\\API\\vendor\\laravel\\framework\\src\\Illuminate\\Cookie\\Middleware\\AddQueuedCookiesToResponse.php(37): Illuminate\\Pipeline\\Pipeline->Illuminate\\Pipeline\\{closure}()
#10 C:\\Users\\ns\\Desktop\\Projet-4-Group\\Realisation\\API\\vendor\\laravel\\framework\\src\\Illuminate\\Pipeline\\Pipeline.php(180): Illuminate\\Cookie\\Middleware\\AddQueuedCookiesToResponse->handle()
#11 C:\\Users\\ns\\Desktop\\Projet-4-Group\\Realisation\\API\\vendor\\laravel\\framework\\src\\Illuminate\\Cookie\\Middleware\\EncryptCookies.php(67): Illuminate\\Pipeline\\Pipeline->Illuminate\\Pipeline\\{closure}()
#12 C:\\Users\\ns\\Desktop\\Projet-4-Group\\Realisation\\API\\vendor\\laravel\\framework\\src\\Illuminate\\Pipeline\\Pipeline.php(180): Illuminate\\Cookie\\Middleware\\EncryptCookies->handle()
#13 C:\\Users\\ns\\Desktop\\Projet-4-Group\\Realisation\\API\\vendor\\laravel\\framework\\src\\Illuminate\\Pipeline\\Pipeline.php(116): Illuminate\\Pipeline\\Pipeline->Illuminate\\Pipeline\\{closure}()
#14 C:\\Users\\ns\\Desktop\\Projet-4-Group\\Realisation\\API\\vendor\\laravel\\framework\\src\\Illuminate\\Routing\\Router.php(799): Illuminate\\Pipeline\\Pipeline->then()
#15 C:\\Users\\ns\\Desktop\\Projet-4-Group\\Realisation\\API\\vendor\\laravel\\framework\\src\\Illuminate\\Routing\\Router.php(776): Illuminate\\Routing\\Router->runRouteWithinStack()
#16 C:\\Users\\ns\\Desktop\\Projet-4-Group\\Realisation\\API\\vendor\\laravel\\framework\\src\\Illuminate\\Routing\\Router.php(740): Illuminate\\Routing\\Router->runRoute()
#17 C:\\Users\\ns\\Desktop\\Projet-4-Group\\Realisation\\API\\vendor\\laravel\\framework\\src\\Illuminate\\Routing\\Router.php(729): Illuminate\\Routing\\Router->dispatchToRoute()
#18 C:\\Users\\ns\\Desktop\\Projet-4-Group\\Realisation\\API\\vendor\\laravel\\framework\\src\\Illuminate\\Foundation\\Http\\Kernel.php(190): Illuminate\\Routing\\Router->dispatch()
#19 C:\\Users\\ns\\Desktop\\Projet-4-Group\\Realisation\\API\\vendor\\laravel\\framework\\src\\Illuminate\\Pipeline\\Pipeline.php(141): Illuminate\\Foundation\\Http\\Kernel->Illuminate\\Foundation\\Http\\{closure}()
#20 C:\\Users\\ns\\Desktop\\Projet-4-Group\\Realisation\\API\\vendor\\barryvdh\\laravel-debugbar\\src\\Middleware\\InjectDebugbar.php(66): Illuminate\\Pipeline\\Pipeline->Illuminate\\Pipeline\\{closure}()
#21 C:\\Users\\ns\\Desktop\\Projet-4-Group\\Realisation\\API\\vendor\\laravel\\framework\\src\\Illuminate\\Pipeline\\Pipeline.php(180): Barryvdh\\Debugbar\\Middleware\\InjectDebugbar->handle()
#22 C:\\Users\\ns\\Desktop\\Projet-4-Group\\Realisation\\API\\vendor\\laravel\\framework\\src\\Illuminate\\Foundation\\Http\\Middleware\\TransformsRequest.php(21): Illuminate\\Pipeline\\Pipeline->Illuminate\\Pipeline\\{closure}()
#23 C:\\Users\\ns\\Desktop\\Projet-4-Group\\Realisation\\API\\vendor\\laravel\\framework\\src\\Illuminate\\Foundation\\Http\\Middleware\\ConvertEmptyStringsToNull.php(31): Illuminate\\Foundation\\Http\\Middleware\\TransformsRequest->handle()
#24 C:\\Users\\ns\\Desktop\\Projet-4-Group\\Realisation\\API\\vendor\\laravel\\framework\\src\\Illuminate\\Pipeline\\Pipeline.php(180): Illuminate\\Foundation\\Http\\Middleware\\ConvertEmptyStringsToNull->handle()
#25 C:\\Users\\ns\\Desktop\\Projet-4-Group\\Realisation\\API\\vendor\\laravel\\framework\\src\\Illuminate\\Foundation\\Http\\Middleware\\TransformsRequest.php(21): Illuminate\\Pipeline\\Pipeline->Illuminate\\Pipeline\\{closure}()
#26 C:\\Users\\ns\\Desktop\\Projet-4-Group\\Realisation\\API\\vendor\\laravel\\framework\\src\\Illuminate\\Foundation\\Http\\Middleware\\TrimStrings.php(40): Illuminate\\Foundation\\Http\\Middleware\\TransformsRequest->handle()
#27 C:\\Users\\ns\\Desktop\\Projet-4-Group\\Realisation\\API\\vendor\\laravel\\framework\\src\\Illuminate\\Pipeline\\Pipeline.php(180): Illuminate\\Foundation\\Http\\Middleware\\TrimStrings->handle()
#28 C:\\Users\\ns\\Desktop\\Projet-4-Group\\Realisation\\API\\vendor\\laravel\\framework\\src\\Illuminate\\Foundation\\Http\\Middleware\\ValidatePostSize.php(27): Illuminate\\Pipeline\\Pipeline->Illuminate\\Pipeline\\{closure}()
#29 C:\\Users\\ns\\Desktop\\Projet-4-Group\\Realisation\\API\\vendor\\laravel\\framework\\src\\Illuminate\\Pipeline\\Pipeline.php(180): Illuminate\\Foundation\\Http\\Middleware\\ValidatePostSize->handle()
#30 C:\\Users\\ns\\Desktop\\Projet-4-Group\\Realisation\\API\\vendor\\laravel\\framework\\src\\Illuminate\\Foundation\\Http\\Middleware\\PreventRequestsDuringMaintenance.php(86): Illuminate\\Pipeline\\Pipeline->Illuminate\\Pipeline\\{closure}()
#31 C:\\Users\\ns\\Desktop\\Projet-4-Group\\Realisation\\API\\vendor\\laravel\\framework\\src\\Illuminate\\Pipeline\\Pipeline.php(180): Illuminate\\Foundation\\Http\\Middleware\\PreventRequestsDuringMaintenance->handle()
#32 C:\\Users\\ns\\Desktop\\Projet-4-Group\\Realisation\\API\\vendor\\laravel\\framework\\src\\Illuminate\\Http\\Middleware\\HandleCors.php(49): Illuminate\\Pipeline\\Pipeline->Illuminate\\Pipeline\\{closure}()
#33 C:\\Users\\ns\\Desktop\\Projet-4-Group\\Realisation\\API\\vendor\\laravel\\framework\\src\\Illuminate\\Pipeline\\Pipeline.php(180): Illuminate\\Http\\Middleware\\HandleCors->handle()
#34 C:\\Users\\ns\\Desktop\\Projet-4-Group\\Realisation\\API\\vendor\\laravel\\framework\\src\\Illuminate\\Http\\Middleware\\TrustProxies.php(39): Illuminate\\Pipeline\\Pipeline->Illuminate\\Pipeline\\{closure}()
#35 C:\\Users\\ns\\Desktop\\Projet-4-Group\\Realisation\\API\\vendor\\laravel\\framework\\src\\Illuminate\\Pipeline\\Pipeline.php(180): Illuminate\\Http\\Middleware\\TrustProxies->handle()
#36 C:\\Users\\ns\\Desktop\\Projet-4-Group\\Realisation\\API\\vendor\\laravel\\framework\\src\\Illuminate\\Pipeline\\Pipeline.php(116): Illuminate\\Pipeline\\Pipeline->Illuminate\\Pipeline\\{closure}()
#37 C:\\Users\\ns\\Desktop\\Projet-4-Group\\Realisation\\API\\vendor\\laravel\\framework\\src\\Illuminate\\Foundation\\Http\\Kernel.php(165): Illuminate\\Pipeline\\Pipeline->then()
#38 C:\\Users\\ns\\Desktop\\Projet-4-Group\\Realisation\\API\\vendor\\laravel\\framework\\src\\Illuminate\\Foundation\\Http\\Kernel.php(134): Illuminate\\Foundation\\Http\\Kernel->sendRequestThroughRouter()
#39 C:\\Users\\ns\\Desktop\\Projet-4-Group\\Realisation\\API\\public\\index.php(52): Illuminate\\Foundation\\Http\\Kernel->handle()
#40 C:\\Users\\ns\\Desktop\\Projet-4-Group\\Realisation\\API\\vendor\\laravel\\framework\\src\\Illuminate\\Foundation\\resources\\server.php(16): require_once('...')
#41 {main}
"} 
[2023-01-08 22:24:00] local.ERROR: file_put_contents(C:\Users\ns\Desktop\Projet-4-Group\Realisation\API\storage\framework/sessions/aPQ3XNcZdP7K9hnQ5oJTBGxJu6Ytcwu0N8k6ZBKT): Failed to open stream: No such file or directory {"exception":"[object] (ErrorException(code: 0): file_put_contents(C:\\Users\\ns\\Desktop\\Projet-4-Group\\Realisation\\API\\storage\\framework/sessions/aPQ3XNcZdP7K9hnQ5oJTBGxJu6Ytcwu0N8k6ZBKT): Failed to open stream: No such file or directory at C:\\Users\\ns\\Desktop\\Projet-4-Group\\Realisation\\API\\vendor\\laravel\\framework\\src\\Illuminate\\Filesystem\\Filesystem.php:190)
[stacktrace]
#0 C:\\Users\\ns\\Desktop\\Projet-4-Group\\Realisation\\API\\vendor\\laravel\\framework\\src\\Illuminate\\Foundation\\Bootstrap\\HandleExceptions.php(266): Illuminate\\Foundation\\Bootstrap\\HandleExceptions->handleError()
#1 [internal function]: Illuminate\\Foundation\\Bootstrap\\HandleExceptions->Illuminate\\Foundation\\Bootstrap\\{closure}()
#2 C:\\Users\\ns\\Desktop\\Projet-4-Group\\Realisation\\API\\vendor\\laravel\\framework\\src\\Illuminate\\Filesystem\\Filesystem.php(190): file_put_contents()
#3 C:\\Users\\ns\\Desktop\\Projet-4-Group\\Realisation\\API\\vendor\\laravel\\framework\\src\\Illuminate\\Session\\FileSessionHandler.php(90): Illuminate\\Filesystem\\Filesystem->put()
#4 C:\\Users\\ns\\Desktop\\Projet-4-Group\\Realisation\\API\\vendor\\laravel\\framework\\src\\Illuminate\\Session\\Store.php(173): Illuminate\\Session\\FileSessionHandler->write()
#5 C:\\Users\\ns\\Desktop\\Projet-4-Group\\Realisation\\API\\vendor\\laravel\\framework\\src\\Illuminate\\Session\\Middleware\\StartSession.php(238): Illuminate\\Session\\Store->save()
#6 C:\\Users\\ns\\Desktop\\Projet-4-Group\\Realisation\\API\\vendor\\laravel\\framework\\src\\Illuminate\\Session\\Middleware\\StartSession.php(130): Illuminate\\Session\\Middleware\\StartSession->saveSession()
#7 C:\\Users\\ns\\Desktop\\Projet-4-Group\\Realisation\\API\\vendor\\laravel\\framework\\src\\Illuminate\\Session\\Middleware\\StartSession.php(64): Illuminate\\Session\\Middleware\\StartSession->handleStatefulRequest()
#8 C:\\Users\\ns\\Desktop\\Projet-4-Group\\Realisation\\API\\vendor\\laravel\\framework\\src\\Illuminate\\Pipeline\\Pipeline.php(180): Illuminate\\Session\\Middleware\\StartSession->handle()
#9 C:\\Users\\ns\\Desktop\\Projet-4-Group\\Realisation\\API\\vendor\\laravel\\framework\\src\\Illuminate\\Cookie\\Middleware\\AddQueuedCookiesToResponse.php(37): Illuminate\\Pipeline\\Pipeline->Illuminate\\Pipeline\\{closure}()
#10 C:\\Users\\ns\\Desktop\\Projet-4-Group\\Realisation\\API\\vendor\\laravel\\framework\\src\\Illuminate\\Pipeline\\Pipeline.php(180): Illuminate\\Cookie\\Middleware\\AddQueuedCookiesToResponse->handle()
#11 C:\\Users\\ns\\Desktop\\Projet-4-Group\\Realisation\\API\\vendor\\laravel\\framework\\src\\Illuminate\\Cookie\\Middleware\\EncryptCookies.php(67): Illuminate\\Pipeline\\Pipeline->Illuminate\\Pipeline\\{closure}()
#12 C:\\Users\\ns\\Desktop\\Projet-4-Group\\Realisation\\API\\vendor\\laravel\\framework\\src\\Illuminate\\Pipeline\\Pipeline.php(180): Illuminate\\Cookie\\Middleware\\EncryptCookies->handle()
#13 C:\\Users\\ns\\Desktop\\Projet-4-Group\\Realisation\\API\\vendor\\laravel\\framework\\src\\Illuminate\\Pipeline\\Pipeline.php(116): Illuminate\\Pipeline\\Pipeline->Illuminate\\Pipeline\\{closure}()
#14 C:\\Users\\ns\\Desktop\\Projet-4-Group\\Realisation\\API\\vendor\\laravel\\framework\\src\\Illuminate\\Routing\\Router.php(799): Illuminate\\Pipeline\\Pipeline->then()
#15 C:\\Users\\ns\\Desktop\\Projet-4-Group\\Realisation\\API\\vendor\\laravel\\framework\\src\\Illuminate\\Routing\\Router.php(776): Illuminate\\Routing\\Router->runRouteWithinStack()
#16 C:\\Users\\ns\\Desktop\\Projet-4-Group\\Realisation\\API\\vendor\\laravel\\framework\\src\\Illuminate\\Routing\\Router.php(740): Illuminate\\Routing\\Router->runRoute()
#17 C:\\Users\\ns\\Desktop\\Projet-4-Group\\Realisation\\API\\vendor\\laravel\\framework\\src\\Illuminate\\Routing\\Router.php(729): Illuminate\\Routing\\Router->dispatchToRoute()
#18 C:\\Users\\ns\\Desktop\\Projet-4-Group\\Realisation\\API\\vendor\\laravel\\framework\\src\\Illuminate\\Foundation\\Http\\Kernel.php(190): Illuminate\\Routing\\Router->dispatch()
#19 C:\\Users\\ns\\Desktop\\Projet-4-Group\\Realisation\\API\\vendor\\laravel\\framework\\src\\Illuminate\\Pipeline\\Pipeline.php(141): Illuminate\\Foundation\\Http\\Kernel->Illuminate\\Foundation\\Http\\{closure}()
#20 C:\\Users\\ns\\Desktop\\Projet-4-Group\\Realisation\\API\\vendor\\barryvdh\\laravel-debugbar\\src\\Middleware\\InjectDebugbar.php(66): Illuminate\\Pipeline\\Pipeline->Illuminate\\Pipeline\\{closure}()
#21 C:\\Users\\ns\\Desktop\\Projet-4-Group\\Realisation\\API\\vendor\\laravel\\framework\\src\\Illuminate\\Pipeline\\Pipeline.php(180): Barryvdh\\Debugbar\\Middleware\\InjectDebugbar->handle()
#22 C:\\Users\\ns\\Desktop\\Projet-4-Group\\Realisation\\API\\vendor\\laravel\\framework\\src\\Illuminate\\Foundation\\Http\\Middleware\\TransformsRequest.php(21): Illuminate\\Pipeline\\Pipeline->Illuminate\\Pipeline\\{closure}()
#23 C:\\Users\\ns\\Desktop\\Projet-4-Group\\Realisation\\API\\vendor\\laravel\\framework\\src\\Illuminate\\Foundation\\Http\\Middleware\\ConvertEmptyStringsToNull.php(31): Illuminate\\Foundation\\Http\\Middleware\\TransformsRequest->handle()
#24 C:\\Users\\ns\\Desktop\\Projet-4-Group\\Realisation\\API\\vendor\\laravel\\framework\\src\\Illuminate\\Pipeline\\Pipeline.php(180): Illuminate\\Foundation\\Http\\Middleware\\ConvertEmptyStringsToNull->handle()
#25 C:\\Users\\ns\\Desktop\\Projet-4-Group\\Realisation\\API\\vendor\\laravel\\framework\\src\\Illuminate\\Foundation\\Http\\Middleware\\TransformsRequest.php(21): Illuminate\\Pipeline\\Pipeline->Illuminate\\Pipeline\\{closure}()
#26 C:\\Users\\ns\\Desktop\\Projet-4-Group\\Realisation\\API\\vendor\\laravel\\framework\\src\\Illuminate\\Foundation\\Http\\Middleware\\TrimStrings.php(40): Illuminate\\Foundation\\Http\\Middleware\\TransformsRequest->handle()
#27 C:\\Users\\ns\\Desktop\\Projet-4-Group\\Realisation\\API\\vendor\\laravel\\framework\\src\\Illuminate\\Pipeline\\Pipeline.php(180): Illuminate\\Foundation\\Http\\Middleware\\TrimStrings->handle()
#28 C:\\Users\\ns\\Desktop\\Projet-4-Group\\Realisation\\API\\vendor\\laravel\\framework\\src\\Illuminate\\Foundation\\Http\\Middleware\\ValidatePostSize.php(27): Illuminate\\Pipeline\\Pipeline->Illuminate\\Pipeline\\{closure}()
#29 C:\\Users\\ns\\Desktop\\Projet-4-Group\\Realisation\\API\\vendor\\laravel\\framework\\src\\Illuminate\\Pipeline\\Pipeline.php(180): Illuminate\\Foundation\\Http\\Middleware\\ValidatePostSize->handle()
#30 C:\\Users\\ns\\Desktop\\Projet-4-Group\\Realisation\\API\\vendor\\laravel\\framework\\src\\Illuminate\\Foundation\\Http\\Middleware\\PreventRequestsDuringMaintenance.php(86): Illuminate\\Pipeline\\Pipeline->Illuminate\\Pipeline\\{closure}()
#31 C:\\Users\\ns\\Desktop\\Projet-4-Group\\Realisation\\API\\vendor\\laravel\\framework\\src\\Illuminate\\Pipeline\\Pipeline.php(180): Illuminate\\Foundation\\Http\\Middleware\\PreventRequestsDuringMaintenance->handle()
#32 C:\\Users\\ns\\Desktop\\Projet-4-Group\\Realisation\\API\\vendor\\laravel\\framework\\src\\Illuminate\\Http\\Middleware\\HandleCors.php(49): Illuminate\\Pipeline\\Pipeline->Illuminate\\Pipeline\\{closure}()
#33 C:\\Users\\ns\\Desktop\\Projet-4-Group\\Realisation\\API\\vendor\\laravel\\framework\\src\\Illuminate\\Pipeline\\Pipeline.php(180): Illuminate\\Http\\Middleware\\HandleCors->handle()
#34 C:\\Users\\ns\\Desktop\\Projet-4-Group\\Realisation\\API\\vendor\\laravel\\framework\\src\\Illuminate\\Http\\Middleware\\TrustProxies.php(39): Illuminate\\Pipeline\\Pipeline->Illuminate\\Pipeline\\{closure}()
#35 C:\\Users\\ns\\Desktop\\Projet-4-Group\\Realisation\\API\\vendor\\laravel\\framework\\src\\Illuminate\\Pipeline\\Pipeline.php(180): Illuminate\\Http\\Middleware\\TrustProxies->handle()
#36 C:\\Users\\ns\\Desktop\\Projet-4-Group\\Realisation\\API\\vendor\\laravel\\framework\\src\\Illuminate\\Pipeline\\Pipeline.php(116): Illuminate\\Pipeline\\Pipeline->Illuminate\\Pipeline\\{closure}()
#37 C:\\Users\\ns\\Desktop\\Projet-4-Group\\Realisation\\API\\vendor\\laravel\\framework\\src\\Illuminate\\Foundation\\Http\\Kernel.php(165): Illuminate\\Pipeline\\Pipeline->then()
#38 C:\\Users\\ns\\Desktop\\Projet-4-Group\\Realisation\\API\\vendor\\laravel\\framework\\src\\Illuminate\\Foundation\\Http\\Kernel.php(134): Illuminate\\Foundation\\Http\\Kernel->sendRequestThroughRouter()
#39 C:\\Users\\ns\\Desktop\\Projet-4-Group\\Realisation\\API\\public\\index.php(52): Illuminate\\Foundation\\Http\\Kernel->handle()
#40 C:\\Users\\ns\\Desktop\\Projet-4-Group\\Realisation\\API\\vendor\\laravel\\framework\\src\\Illuminate\\Foundation\\resources\\server.php(16): require_once('...')
#41 {main}
"} 
[2023-01-08 22:24:11] local.ERROR: file_put_contents(C:\Users\ns\Desktop\Projet-4-Group\Realisation\API\storage\framework/sessions/ifatmmzCtT6LlbBWz83c4HjsC24XMdsDo7gjd6tu): Failed to open stream: No such file or directory {"exception":"[object] (ErrorException(code: 0): file_put_contents(C:\\Users\\ns\\Desktop\\Projet-4-Group\\Realisation\\API\\storage\\framework/sessions/ifatmmzCtT6LlbBWz83c4HjsC24XMdsDo7gjd6tu): Failed to open stream: No such file or directory at C:\\Users\\ns\\Desktop\\Projet-4-Group\\Realisation\\API\\vendor\\laravel\\framework\\src\\Illuminate\\Filesystem\\Filesystem.php:190)
[stacktrace]
#0 C:\\Users\\ns\\Desktop\\Projet-4-Group\\Realisation\\API\\vendor\\laravel\\framework\\src\\Illuminate\\Foundation\\Bootstrap\\HandleExceptions.php(266): Illuminate\\Foundation\\Bootstrap\\HandleExceptions->handleError()
#1 [internal function]: Illuminate\\Foundation\\Bootstrap\\HandleExceptions->Illuminate\\Foundation\\Bootstrap\\{closure}()
#2 C:\\Users\\ns\\Desktop\\Projet-4-Group\\Realisation\\API\\vendor\\laravel\\framework\\src\\Illuminate\\Filesystem\\Filesystem.php(190): file_put_contents()
#3 C:\\Users\\ns\\Desktop\\Projet-4-Group\\Realisation\\API\\vendor\\laravel\\framework\\src\\Illuminate\\Session\\FileSessionHandler.php(90): Illuminate\\Filesystem\\Filesystem->put()
#4 C:\\Users\\ns\\Desktop\\Projet-4-Group\\Realisation\\API\\vendor\\laravel\\framework\\src\\Illuminate\\Session\\Store.php(173): Illuminate\\Session\\FileSessionHandler->write()
#5 C:\\Users\\ns\\Desktop\\Projet-4-Group\\Realisation\\API\\vendor\\laravel\\framework\\src\\Illuminate\\Session\\Middleware\\StartSession.php(238): Illuminate\\Session\\Store->save()
#6 C:\\Users\\ns\\Desktop\\Projet-4-Group\\Realisation\\API\\vendor\\laravel\\framework\\src\\Illuminate\\Session\\Middleware\\StartSession.php(130): Illuminate\\Session\\Middleware\\StartSession->saveSession()
#7 C:\\Users\\ns\\Desktop\\Projet-4-Group\\Realisation\\API\\vendor\\laravel\\framework\\src\\Illuminate\\Session\\Middleware\\StartSession.php(64): Illuminate\\Session\\Middleware\\StartSession->handleStatefulRequest()
#8 C:\\Users\\ns\\Desktop\\Projet-4-Group\\Realisation\\API\\vendor\\laravel\\framework\\src\\Illuminate\\Pipeline\\Pipeline.php(180): Illuminate\\Session\\Middleware\\StartSession->handle()
#9 C:\\Users\\ns\\Desktop\\Projet-4-Group\\Realisation\\API\\vendor\\laravel\\framework\\src\\Illuminate\\Cookie\\Middleware\\AddQueuedCookiesToResponse.php(37): Illuminate\\Pipeline\\Pipeline->Illuminate\\Pipeline\\{closure}()
#10 C:\\Users\\ns\\Desktop\\Projet-4-Group\\Realisation\\API\\vendor\\laravel\\framework\\src\\Illuminate\\Pipeline\\Pipeline.php(180): Illuminate\\Cookie\\Middleware\\AddQueuedCookiesToResponse->handle()
#11 C:\\Users\\ns\\Desktop\\Projet-4-Group\\Realisation\\API\\vendor\\laravel\\framework\\src\\Illuminate\\Cookie\\Middleware\\EncryptCookies.php(67): Illuminate\\Pipeline\\Pipeline->Illuminate\\Pipeline\\{closure}()
#12 C:\\Users\\ns\\Desktop\\Projet-4-Group\\Realisation\\API\\vendor\\laravel\\framework\\src\\Illuminate\\Pipeline\\Pipeline.php(180): Illuminate\\Cookie\\Middleware\\EncryptCookies->handle()
#13 C:\\Users\\ns\\Desktop\\Projet-4-Group\\Realisation\\API\\vendor\\laravel\\framework\\src\\Illuminate\\Pipeline\\Pipeline.php(116): Illuminate\\Pipeline\\Pipeline->Illuminate\\Pipeline\\{closure}()
#14 C:\\Users\\ns\\Desktop\\Projet-4-Group\\Realisation\\API\\vendor\\laravel\\framework\\src\\Illuminate\\Routing\\Router.php(799): Illuminate\\Pipeline\\Pipeline->then()
#15 C:\\Users\\ns\\Desktop\\Projet-4-Group\\Realisation\\API\\vendor\\laravel\\framework\\src\\Illuminate\\Routing\\Router.php(776): Illuminate\\Routing\\Router->runRouteWithinStack()
#16 C:\\Users\\ns\\Desktop\\Projet-4-Group\\Realisation\\API\\vendor\\laravel\\framework\\src\\Illuminate\\Routing\\Router.php(740): Illuminate\\Routing\\Router->runRoute()
#17 C:\\Users\\ns\\Desktop\\Projet-4-Group\\Realisation\\API\\vendor\\laravel\\framework\\src\\Illuminate\\Routing\\Router.php(729): Illuminate\\Routing\\Router->dispatchToRoute()
#18 C:\\Users\\ns\\Desktop\\Projet-4-Group\\Realisation\\API\\vendor\\laravel\\framework\\src\\Illuminate\\Foundation\\Http\\Kernel.php(190): Illuminate\\Routing\\Router->dispatch()
#19 C:\\Users\\ns\\Desktop\\Projet-4-Group\\Realisation\\API\\vendor\\laravel\\framework\\src\\Illuminate\\Pipeline\\Pipeline.php(141): Illuminate\\Foundation\\Http\\Kernel->Illuminate\\Foundation\\Http\\{closure}()
#20 C:\\Users\\ns\\Desktop\\Projet-4-Group\\Realisation\\API\\vendor\\barryvdh\\laravel-debugbar\\src\\Middleware\\InjectDebugbar.php(66): Illuminate\\Pipeline\\Pipeline->Illuminate\\Pipeline\\{closure}()
#21 C:\\Users\\ns\\Desktop\\Projet-4-Group\\Realisation\\API\\vendor\\laravel\\framework\\src\\Illuminate\\Pipeline\\Pipeline.php(180): Barryvdh\\Debugbar\\Middleware\\InjectDebugbar->handle()
#22 C:\\Users\\ns\\Desktop\\Projet-4-Group\\Realisation\\API\\vendor\\laravel\\framework\\src\\Illuminate\\Foundation\\Http\\Middleware\\TransformsRequest.php(21): Illuminate\\Pipeline\\Pipeline->Illuminate\\Pipeline\\{closure}()
#23 C:\\Users\\ns\\Desktop\\Projet-4-Group\\Realisation\\API\\vendor\\laravel\\framework\\src\\Illuminate\\Foundation\\Http\\Middleware\\ConvertEmptyStringsToNull.php(31): Illuminate\\Foundation\\Http\\Middleware\\TransformsRequest->handle()
#24 C:\\Users\\ns\\Desktop\\Projet-4-Group\\Realisation\\API\\vendor\\laravel\\framework\\src\\Illuminate\\Pipeline\\Pipeline.php(180): Illuminate\\Foundation\\Http\\Middleware\\ConvertEmptyStringsToNull->handle()
#25 C:\\Users\\ns\\Desktop\\Projet-4-Group\\Realisation\\API\\vendor\\laravel\\framework\\src\\Illuminate\\Foundation\\Http\\Middleware\\TransformsRequest.php(21): Illuminate\\Pipeline\\Pipeline->Illuminate\\Pipeline\\{closure}()
#26 C:\\Users\\ns\\Desktop\\Projet-4-Group\\Realisation\\API\\vendor\\laravel\\framework\\src\\Illuminate\\Foundation\\Http\\Middleware\\TrimStrings.php(40): Illuminate\\Foundation\\Http\\Middleware\\TransformsRequest->handle()
#27 C:\\Users\\ns\\Desktop\\Projet-4-Group\\Realisation\\API\\vendor\\laravel\\framework\\src\\Illuminate\\Pipeline\\Pipeline.php(180): Illuminate\\Foundation\\Http\\Middleware\\TrimStrings->handle()
#28 C:\\Users\\ns\\Desktop\\Projet-4-Group\\Realisation\\API\\vendor\\laravel\\framework\\src\\Illuminate\\Foundation\\Http\\Middleware\\ValidatePostSize.php(27): Illuminate\\Pipeline\\Pipeline->Illuminate\\Pipeline\\{closure}()
#29 C:\\Users\\ns\\Desktop\\Projet-4-Group\\Realisation\\API\\vendor\\laravel\\framework\\src\\Illuminate\\Pipeline\\Pipeline.php(180): Illuminate\\Foundation\\Http\\Middleware\\ValidatePostSize->handle()
#30 C:\\Users\\ns\\Desktop\\Projet-4-Group\\Realisation\\API\\vendor\\laravel\\framework\\src\\Illuminate\\Foundation\\Http\\Middleware\\PreventRequestsDuringMaintenance.php(86): Illuminate\\Pipeline\\Pipeline->Illuminate\\Pipeline\\{closure}()
#31 C:\\Users\\ns\\Desktop\\Projet-4-Group\\Realisation\\API\\vendor\\laravel\\framework\\src\\Illuminate\\Pipeline\\Pipeline.php(180): Illuminate\\Foundation\\Http\\Middleware\\PreventRequestsDuringMaintenance->handle()
#32 C:\\Users\\ns\\Desktop\\Projet-4-Group\\Realisation\\API\\vendor\\laravel\\framework\\src\\Illuminate\\Http\\Middleware\\HandleCors.php(49): Illuminate\\Pipeline\\Pipeline->Illuminate\\Pipeline\\{closure}()
#33 C:\\Users\\ns\\Desktop\\Projet-4-Group\\Realisation\\API\\vendor\\laravel\\framework\\src\\Illuminate\\Pipeline\\Pipeline.php(180): Illuminate\\Http\\Middleware\\HandleCors->handle()
#34 C:\\Users\\ns\\Desktop\\Projet-4-Group\\Realisation\\API\\vendor\\laravel\\framework\\src\\Illuminate\\Http\\Middleware\\TrustProxies.php(39): Illuminate\\Pipeline\\Pipeline->Illuminate\\Pipeline\\{closure}()
#35 C:\\Users\\ns\\Desktop\\Projet-4-Group\\Realisation\\API\\vendor\\laravel\\framework\\src\\Illuminate\\Pipeline\\Pipeline.php(180): Illuminate\\Http\\Middleware\\TrustProxies->handle()
#36 C:\\Users\\ns\\Desktop\\Projet-4-Group\\Realisation\\API\\vendor\\laravel\\framework\\src\\Illuminate\\Pipeline\\Pipeline.php(116): Illuminate\\Pipeline\\Pipeline->Illuminate\\Pipeline\\{closure}()
#37 C:\\Users\\ns\\Desktop\\Projet-4-Group\\Realisation\\API\\vendor\\laravel\\framework\\src\\Illuminate\\Foundation\\Http\\Kernel.php(165): Illuminate\\Pipeline\\Pipeline->then()
#38 C:\\Users\\ns\\Desktop\\Projet-4-Group\\Realisation\\API\\vendor\\laravel\\framework\\src\\Illuminate\\Foundation\\Http\\Kernel.php(134): Illuminate\\Foundation\\Http\\Kernel->sendRequestThroughRouter()
#39 C:\\Users\\ns\\Desktop\\Projet-4-Group\\Realisation\\API\\public\\index.php(52): Illuminate\\Foundation\\Http\\Kernel->handle()
#40 C:\\Users\\ns\\Desktop\\Projet-4-Group\\Realisation\\API\\vendor\\laravel\\framework\\src\\Illuminate\\Foundation\\resources\\server.php(16): require_once('...')
#41 {main}
"} 
[2023-01-08 22:37:50] local.ERROR: file_put_contents(C:\Users\ns\Desktop\Projet-4-Group\Realisation\API\storage\framework/sessions/6e2HkDaBdSSm8YAERuL6fKBYDamtdT3jEs2XqKPk): Failed to open stream: No such file or directory {"exception":"[object] (ErrorException(code: 0): file_put_contents(C:\\Users\\ns\\Desktop\\Projet-4-Group\\Realisation\\API\\storage\\framework/sessions/6e2HkDaBdSSm8YAERuL6fKBYDamtdT3jEs2XqKPk): Failed to open stream: No such file or directory at C:\\Users\\ns\\Desktop\\Projet-4-Group\\Realisation\\API\\vendor\\laravel\\framework\\src\\Illuminate\\Filesystem\\Filesystem.php:190)
[stacktrace]
#0 C:\\Users\\ns\\Desktop\\Projet-4-Group\\Realisation\\API\\vendor\\laravel\\framework\\src\\Illuminate\\Foundation\\Bootstrap\\HandleExceptions.php(266): Illuminate\\Foundation\\Bootstrap\\HandleExceptions->handleError()
#1 [internal function]: Illuminate\\Foundation\\Bootstrap\\HandleExceptions->Illuminate\\Foundation\\Bootstrap\\{closure}()
#2 C:\\Users\\ns\\Desktop\\Projet-4-Group\\Realisation\\API\\vendor\\laravel\\framework\\src\\Illuminate\\Filesystem\\Filesystem.php(190): file_put_contents()
#3 C:\\Users\\ns\\Desktop\\Projet-4-Group\\Realisation\\API\\vendor\\laravel\\framework\\src\\Illuminate\\Session\\FileSessionHandler.php(90): Illuminate\\Filesystem\\Filesystem->put()
#4 C:\\Users\\ns\\Desktop\\Projet-4-Group\\Realisation\\API\\vendor\\laravel\\framework\\src\\Illuminate\\Session\\Store.php(173): Illuminate\\Session\\FileSessionHandler->write()
#5 C:\\Users\\ns\\Desktop\\Projet-4-Group\\Realisation\\API\\vendor\\laravel\\framework\\src\\Illuminate\\Session\\Middleware\\StartSession.php(238): Illuminate\\Session\\Store->save()
#6 C:\\Users\\ns\\Desktop\\Projet-4-Group\\Realisation\\API\\vendor\\laravel\\framework\\src\\Illuminate\\Session\\Middleware\\StartSession.php(130): Illuminate\\Session\\Middleware\\StartSession->saveSession()
#7 C:\\Users\\ns\\Desktop\\Projet-4-Group\\Realisation\\API\\vendor\\laravel\\framework\\src\\Illuminate\\Session\\Middleware\\StartSession.php(64): Illuminate\\Session\\Middleware\\StartSession->handleStatefulRequest()
#8 C:\\Users\\ns\\Desktop\\Projet-4-Group\\Realisation\\API\\vendor\\laravel\\framework\\src\\Illuminate\\Pipeline\\Pipeline.php(180): Illuminate\\Session\\Middleware\\StartSession->handle()
#9 C:\\Users\\ns\\Desktop\\Projet-4-Group\\Realisation\\API\\vendor\\laravel\\framework\\src\\Illuminate\\Cookie\\Middleware\\AddQueuedCookiesToResponse.php(37): Illuminate\\Pipeline\\Pipeline->Illuminate\\Pipeline\\{closure}()
#10 C:\\Users\\ns\\Desktop\\Projet-4-Group\\Realisation\\API\\vendor\\laravel\\framework\\src\\Illuminate\\Pipeline\\Pipeline.php(180): Illuminate\\Cookie\\Middleware\\AddQueuedCookiesToResponse->handle()
#11 C:\\Users\\ns\\Desktop\\Projet-4-Group\\Realisation\\API\\vendor\\laravel\\framework\\src\\Illuminate\\Cookie\\Middleware\\EncryptCookies.php(67): Illuminate\\Pipeline\\Pipeline->Illuminate\\Pipeline\\{closure}()
#12 C:\\Users\\ns\\Desktop\\Projet-4-Group\\Realisation\\API\\vendor\\laravel\\framework\\src\\Illuminate\\Pipeline\\Pipeline.php(180): Illuminate\\Cookie\\Middleware\\EncryptCookies->handle()
#13 C:\\Users\\ns\\Desktop\\Projet-4-Group\\Realisation\\API\\vendor\\laravel\\framework\\src\\Illuminate\\Pipeline\\Pipeline.php(116): Illuminate\\Pipeline\\Pipeline->Illuminate\\Pipeline\\{closure}()
#14 C:\\Users\\ns\\Desktop\\Projet-4-Group\\Realisation\\API\\vendor\\laravel\\framework\\src\\Illuminate\\Routing\\Router.php(799): Illuminate\\Pipeline\\Pipeline->then()
#15 C:\\Users\\ns\\Desktop\\Projet-4-Group\\Realisation\\API\\vendor\\laravel\\framework\\src\\Illuminate\\Routing\\Router.php(776): Illuminate\\Routing\\Router->runRouteWithinStack()
#16 C:\\Users\\ns\\Desktop\\Projet-4-Group\\Realisation\\API\\vendor\\laravel\\framework\\src\\Illuminate\\Routing\\Router.php(740): Illuminate\\Routing\\Router->runRoute()
#17 C:\\Users\\ns\\Desktop\\Projet-4-Group\\Realisation\\API\\vendor\\laravel\\framework\\src\\Illuminate\\Routing\\Router.php(729): Illuminate\\Routing\\Router->dispatchToRoute()
#18 C:\\Users\\ns\\Desktop\\Projet-4-Group\\Realisation\\API\\vendor\\laravel\\framework\\src\\Illuminate\\Foundation\\Http\\Kernel.php(190): Illuminate\\Routing\\Router->dispatch()
#19 C:\\Users\\ns\\Desktop\\Projet-4-Group\\Realisation\\API\\vendor\\laravel\\framework\\src\\Illuminate\\Pipeline\\Pipeline.php(141): Illuminate\\Foundation\\Http\\Kernel->Illuminate\\Foundation\\Http\\{closure}()
#20 C:\\Users\\ns\\Desktop\\Projet-4-Group\\Realisation\\API\\vendor\\barryvdh\\laravel-debugbar\\src\\Middleware\\InjectDebugbar.php(66): Illuminate\\Pipeline\\Pipeline->Illuminate\\Pipeline\\{closure}()
#21 C:\\Users\\ns\\Desktop\\Projet-4-Group\\Realisation\\API\\vendor\\laravel\\framework\\src\\Illuminate\\Pipeline\\Pipeline.php(180): Barryvdh\\Debugbar\\Middleware\\InjectDebugbar->handle()
#22 C:\\Users\\ns\\Desktop\\Projet-4-Group\\Realisation\\API\\vendor\\laravel\\framework\\src\\Illuminate\\Foundation\\Http\\Middleware\\TransformsRequest.php(21): Illuminate\\Pipeline\\Pipeline->Illuminate\\Pipeline\\{closure}()
#23 C:\\Users\\ns\\Desktop\\Projet-4-Group\\Realisation\\API\\vendor\\laravel\\framework\\src\\Illuminate\\Foundation\\Http\\Middleware\\ConvertEmptyStringsToNull.php(31): Illuminate\\Foundation\\Http\\Middleware\\TransformsRequest->handle()
#24 C:\\Users\\ns\\Desktop\\Projet-4-Group\\Realisation\\API\\vendor\\laravel\\framework\\src\\Illuminate\\Pipeline\\Pipeline.php(180): Illuminate\\Foundation\\Http\\Middleware\\ConvertEmptyStringsToNull->handle()
#25 C:\\Users\\ns\\Desktop\\Projet-4-Group\\Realisation\\API\\vendor\\laravel\\framework\\src\\Illuminate\\Foundation\\Http\\Middleware\\TransformsRequest.php(21): Illuminate\\Pipeline\\Pipeline->Illuminate\\Pipeline\\{closure}()
#26 C:\\Users\\ns\\Desktop\\Projet-4-Group\\Realisation\\API\\vendor\\laravel\\framework\\src\\Illuminate\\Foundation\\Http\\Middleware\\TrimStrings.php(40): Illuminate\\Foundation\\Http\\Middleware\\TransformsRequest->handle()
#27 C:\\Users\\ns\\Desktop\\Projet-4-Group\\Realisation\\API\\vendor\\laravel\\framework\\src\\Illuminate\\Pipeline\\Pipeline.php(180): Illuminate\\Foundation\\Http\\Middleware\\TrimStrings->handle()
#28 C:\\Users\\ns\\Desktop\\Projet-4-Group\\Realisation\\API\\vendor\\laravel\\framework\\src\\Illuminate\\Foundation\\Http\\Middleware\\ValidatePostSize.php(27): Illuminate\\Pipeline\\Pipeline->Illuminate\\Pipeline\\{closure}()
#29 C:\\Users\\ns\\Desktop\\Projet-4-Group\\Realisation\\API\\vendor\\laravel\\framework\\src\\Illuminate\\Pipeline\\Pipeline.php(180): Illuminate\\Foundation\\Http\\Middleware\\ValidatePostSize->handle()
#30 C:\\Users\\ns\\Desktop\\Projet-4-Group\\Realisation\\API\\vendor\\laravel\\framework\\src\\Illuminate\\Foundation\\Http\\Middleware\\PreventRequestsDuringMaintenance.php(86): Illuminate\\Pipeline\\Pipeline->Illuminate\\Pipeline\\{closure}()
#31 C:\\Users\\ns\\Desktop\\Projet-4-Group\\Realisation\\API\\vendor\\laravel\\framework\\src\\Illuminate\\Pipeline\\Pipeline.php(180): Illuminate\\Foundation\\Http\\Middleware\\PreventRequestsDuringMaintenance->handle()
#32 C:\\Users\\ns\\Desktop\\Projet-4-Group\\Realisation\\API\\vendor\\laravel\\framework\\src\\Illuminate\\Http\\Middleware\\HandleCors.php(49): Illuminate\\Pipeline\\Pipeline->Illuminate\\Pipeline\\{closure}()
#33 C:\\Users\\ns\\Desktop\\Projet-4-Group\\Realisation\\API\\vendor\\laravel\\framework\\src\\Illuminate\\Pipeline\\Pipeline.php(180): Illuminate\\Http\\Middleware\\HandleCors->handle()
#34 C:\\Users\\ns\\Desktop\\Projet-4-Group\\Realisation\\API\\vendor\\laravel\\framework\\src\\Illuminate\\Http\\Middleware\\TrustProxies.php(39): Illuminate\\Pipeline\\Pipeline->Illuminate\\Pipeline\\{closure}()
#35 C:\\Users\\ns\\Desktop\\Projet-4-Group\\Realisation\\API\\vendor\\laravel\\framework\\src\\Illuminate\\Pipeline\\Pipeline.php(180): Illuminate\\Http\\Middleware\\TrustProxies->handle()
#36 C:\\Users\\ns\\Desktop\\Projet-4-Group\\Realisation\\API\\vendor\\laravel\\framework\\src\\Illuminate\\Pipeline\\Pipeline.php(116): Illuminate\\Pipeline\\Pipeline->Illuminate\\Pipeline\\{closure}()
#37 C:\\Users\\ns\\Desktop\\Projet-4-Group\\Realisation\\API\\vendor\\laravel\\framework\\src\\Illuminate\\Foundation\\Http\\Kernel.php(165): Illuminate\\Pipeline\\Pipeline->then()
#38 C:\\Users\\ns\\Desktop\\Projet-4-Group\\Realisation\\API\\vendor\\laravel\\framework\\src\\Illuminate\\Foundation\\Http\\Kernel.php(134): Illuminate\\Foundation\\Http\\Kernel->sendRequestThroughRouter()
#39 C:\\Users\\ns\\Desktop\\Projet-4-Group\\Realisation\\API\\public\\index.php(52): Illuminate\\Foundation\\Http\\Kernel->handle()
#40 C:\\Users\\ns\\Desktop\\Projet-4-Group\\Realisation\\API\\vendor\\laravel\\framework\\src\\Illuminate\\Foundation\\resources\\server.php(16): require_once('...')
#41 {main}
"} 
